This file contains any messages produced by compilers while
running configure, to aid debugging if configure makes a mistake.

It was created by ion configure open source 3.3.0, which was
generated by GNU Autoconf 2.69.  Invocation command line was

  $ ./configure 

## --------- ##
## Platform. ##
## --------- ##

hostname = linux
uname -m = x86_64
uname -r = 3.16.0-30-generic
uname -s = Linux
uname -v = #40~14.04.1-Ubuntu SMP Thu Jan 15 17:43:14 UTC 2015

/usr/bin/uname -p = unknown
/bin/uname -X     = unknown

/bin/arch              = unknown
/usr/bin/arch -k       = unknown
/usr/convex/getsysinfo = unknown
/usr/bin/hostinfo      = unknown
/bin/machine           = unknown
/usr/bin/oslevel       = unknown
/bin/universe          = unknown

PATH: /usr/local/sbin
PATH: /usr/local/bin
PATH: /usr/sbin
PATH: /usr/bin
PATH: /sbin
PATH: /bin
PATH: /usr/games
PATH: /usr/local/games


## ----------- ##
## Core tests. ##
## ----------- ##

configure:2365: checking for a BSD-compatible install
configure:2433: result: /usr/bin/install -c
configure:2444: checking whether build environment is sane
configure:2499: result: yes
configure:2650: checking for a thread-safe mkdir -p
configure:2689: result: /bin/mkdir -p
configure:2696: checking for gawk
configure:2726: result: no
configure:2696: checking for mawk
configure:2712: found /usr/bin/mawk
configure:2723: result: mawk
configure:2734: checking whether make sets $(MAKE)
configure:2756: result: yes
configure:2785: checking whether make supports nested variables
configure:2802: result: yes
configure:2984: checking for gcc
configure:3000: found /usr/bin/gcc
configure:3011: result: gcc
configure:3240: checking for C compiler version
configure:3249: gcc --version >&5
gcc (Ubuntu 4.8.2-19ubuntu1) 4.8.2
Copyright (C) 2013 Free Software Foundation, Inc.
This is free software; see the source for copying conditions.  There is NO
warranty; not even for MERCHANTABILITY or FITNESS FOR A PARTICULAR PURPOSE.

configure:3260: $? = 0
configure:3249: gcc -v >&5
Using built-in specs.
COLLECT_GCC=gcc
COLLECT_LTO_WRAPPER=/usr/lib/gcc/x86_64-linux-gnu/4.8/lto-wrapper
Target: x86_64-linux-gnu
Configured with: ../src/configure -v --with-pkgversion='Ubuntu 4.8.2-19ubuntu1' --with-bugurl=file:///usr/share/doc/gcc-4.8/README.Bugs --enable-languages=c,c++,java,go,d,fortran,objc,obj-c++ --prefix=/usr --program-suffix=-4.8 --enable-shared --enable-linker-build-id --libexecdir=/usr/lib --without-included-gettext --enable-threads=posix --with-gxx-include-dir=/usr/include/c++/4.8 --libdir=/usr/lib --enable-nls --with-sysroot=/ --enable-clocale=gnu --enable-libstdcxx-debug --enable-libstdcxx-time=yes --enable-gnu-unique-object --disable-libmudflap --enable-plugin --with-system-zlib --disable-browser-plugin --enable-java-awt=gtk --enable-gtk-cairo --with-java-home=/usr/lib/jvm/java-1.5.0-gcj-4.8-amd64/jre --enable-java-home --with-jvm-root-dir=/usr/lib/jvm/java-1.5.0-gcj-4.8-amd64 --with-jvm-jar-dir=/usr/lib/jvm-exports/java-1.5.0-gcj-4.8-amd64 --with-arch-directory=amd64 --with-ecj-jar=/usr/share/java/eclipse-ecj.jar --enable-objc-gc --enable-multiarch --disable-werror --with-arch-32=i686 --with-abi=m64 --with-multilib-list=m32,m64,mx32 --with-tune=generic --enable-checking=release --build=x86_64-linux-gnu --host=x86_64-linux-gnu --target=x86_64-linux-gnu
Thread model: posix
gcc version 4.8.2 (Ubuntu 4.8.2-19ubuntu1) 
configure:3260: $? = 0
configure:3249: gcc -V >&5
gcc: error: unrecognized command line option '-V'
gcc: fatal error: no input files
compilation terminated.
configure:3260: $? = 4
configure:3249: gcc -qversion >&5
gcc: error: unrecognized command line option '-qversion'
gcc: fatal error: no input files
compilation terminated.
configure:3260: $? = 4
configure:3280: checking whether the C compiler works
configure:3302: gcc    conftest.c  >&5
configure:3306: $? = 0
configure:3354: result: yes
configure:3357: checking for C compiler default output file name
configure:3359: result: a.out
configure:3365: checking for suffix of executables
configure:3372: gcc -o conftest    conftest.c  >&5
configure:3376: $? = 0
configure:3398: result: 
configure:3420: checking whether we are cross compiling
configure:3428: gcc -o conftest    conftest.c  >&5
configure:3432: $? = 0
configure:3439: ./conftest
configure:3443: $? = 0
configure:3458: result: no
configure:3463: checking for suffix of object files
configure:3485: gcc -c   conftest.c >&5
configure:3489: $? = 0
configure:3510: result: o
configure:3514: checking whether we are using the GNU C compiler
configure:3533: gcc -c   conftest.c >&5
configure:3533: $? = 0
configure:3542: result: yes
configure:3551: checking whether gcc accepts -g
configure:3571: gcc -c -g  conftest.c >&5
configure:3571: $? = 0
configure:3612: result: yes
configure:3629: checking for gcc option to accept ISO C89
configure:3692: gcc  -c -g -O2  conftest.c >&5
configure:3692: $? = 0
configure:3705: result: none needed
configure:3730: checking whether gcc understands -c and -o together
configure:3752: gcc -c conftest.c -o conftest2.o
configure:3755: $? = 0
configure:3752: gcc -c conftest.c -o conftest2.o
configure:3755: $? = 0
configure:3767: result: yes
configure:3795: checking for style of include used by make
configure:3823: result: GNU
configure:3849: checking dependency style of gcc
configure:3960: result: gcc3
configure:4027: checking for ar
configure:4043: found /usr/bin/ar
configure:4054: result: ar
configure:4080: checking the archiver (ar) interface
configure:4096: gcc -c -g -O2  conftest.c >&5
configure:4096: $? = 0
configure:4098: ar cru libconftest.a conftest.o >&5
configure:4101: $? = 0
configure:4129: result: ar
configure:4178: checking build system type
configure:4192: result: x86_64-unknown-linux-gnu
configure:4212: checking host system type
configure:4225: result: x86_64-unknown-linux-gnu
configure:4266: checking how to print strings
configure:4293: result: printf
configure:4314: checking for a sed that does not truncate output
configure:4378: result: /bin/sed
configure:4396: checking for grep that handles long lines and -e
configure:4454: result: /bin/grep
configure:4459: checking for egrep
configure:4521: result: /bin/grep -E
configure:4526: checking for fgrep
configure:4588: result: /bin/grep -F
configure:4623: checking for ld used by gcc
configure:4690: result: /usr/bin/ld
configure:4697: checking if the linker (/usr/bin/ld) is GNU ld
configure:4712: result: yes
configure:4724: checking for BSD- or MS-compatible name lister (nm)
configure:4773: result: /usr/bin/nm -B
configure:4903: checking the name lister (/usr/bin/nm -B) interface
configure:4910: gcc -c -g -O2  conftest.c >&5
configure:4913: /usr/bin/nm -B "conftest.o"
configure:4916: output
0000000000000000 B some_variable
configure:4923: result: BSD nm
configure:4926: checking whether ln -s works
configure:4930: result: yes
configure:4938: checking the maximum length of command line arguments
configure:5069: result: 1572864
configure:5086: checking whether the shell understands some XSI constructs
configure:5096: result: yes
configure:5100: checking whether the shell understands "+="
configure:5106: result: yes
configure:5141: checking how to convert x86_64-unknown-linux-gnu file names to x86_64-unknown-linux-gnu format
configure:5181: result: func_convert_file_noop
configure:5188: checking how to convert x86_64-unknown-linux-gnu file names to toolchain format
configure:5208: result: func_convert_file_noop
configure:5215: checking for /usr/bin/ld option to reload object files
configure:5222: result: -r
configure:5296: checking for objdump
configure:5312: found /usr/bin/objdump
configure:5323: result: objdump
configure:5355: checking how to recognize dependent libraries
configure:5553: result: pass_all
configure:5638: checking for dlltool
configure:5668: result: no
configure:5698: checking how to associate runtime and link libraries
configure:5725: result: printf %s\n
configure:5849: checking for archiver @FILE support
configure:5866: gcc -c -g -O2  conftest.c >&5
configure:5866: $? = 0
configure:5869: ar cru libconftest.a @conftest.lst >&5
configure:5872: $? = 0
configure:5877: ar cru libconftest.a @conftest.lst >&5
ar: conftest.o: No such file or directory
configure:5880: $? = 1
configure:5892: result: @
configure:5950: checking for strip
configure:5966: found /usr/bin/strip
configure:5977: result: strip
configure:6049: checking for ranlib
configure:6065: found /usr/bin/ranlib
configure:6076: result: ranlib
configure:6178: checking command to parse /usr/bin/nm -B output from gcc object
configure:6298: gcc -c -g -O2  conftest.c >&5
configure:6301: $? = 0
configure:6305: /usr/bin/nm -B conftest.o \| sed -n -e 's/^.*[ ]\([ABCDGIRSTW][ABCDGIRSTW]*\)[ ][ ]*\([_A-Za-z][_A-Za-z0-9]*\)$/\1 \2 \2/p' | sed '/ __gnu_lto/d' \> conftest.nm
configure:6308: $? = 0
configure:6374: gcc -o conftest -g -O2   conftest.c conftstm.o >&5
configure:6377: $? = 0
configure:6415: result: ok
configure:6452: checking for sysroot
configure:6482: result: no
configure:6559: gcc -c -g -O2  conftest.c >&5
configure:6562: $? = 0
configure:6751: checking for mt
configure:6767: found /bin/mt
configure:6778: result: mt
configure:6801: checking if mt is a manifest tool
configure:6807: mt '-?'
configure:6815: result: no
configure:7457: checking how to run the C preprocessor
configure:7488: gcc -E  conftest.c
configure:7488: $? = 0
configure:7502: gcc -E  conftest.c
conftest.c:11:28: fatal error: ac_nonexistent.h: No such file or directory
 #include <ac_nonexistent.h>
                            ^
compilation terminated.
configure:7502: $? = 1
configure: failed program was:
| /* confdefs.h */
| #define PACKAGE_NAME "ion"
| #define PACKAGE_TARNAME "ion"
| #define PACKAGE_VERSION "open source 3.3.0"
| #define PACKAGE_STRING "ion open source 3.3.0"
| #define PACKAGE_BUGREPORT "http://korgano.eecs.ohiou.edu/mailman/listinfo/ion-bugs"
| #define PACKAGE_URL ""
| #define PACKAGE "ion"
| #define VERSION "open source 3.3.0"
| /* end confdefs.h.  */
| #include <ac_nonexistent.h>
configure:7527: result: gcc -E
configure:7547: gcc -E  conftest.c
configure:7547: $? = 0
configure:7561: gcc -E  conftest.c
conftest.c:11:28: fatal error: ac_nonexistent.h: No such file or directory
 #include <ac_nonexistent.h>
                            ^
compilation terminated.
configure:7561: $? = 1
configure: failed program was:
| /* confdefs.h */
| #define PACKAGE_NAME "ion"
| #define PACKAGE_TARNAME "ion"
| #define PACKAGE_VERSION "open source 3.3.0"
| #define PACKAGE_STRING "ion open source 3.3.0"
| #define PACKAGE_BUGREPORT "http://korgano.eecs.ohiou.edu/mailman/listinfo/ion-bugs"
| #define PACKAGE_URL ""
| #define PACKAGE "ion"
| #define VERSION "open source 3.3.0"
| /* end confdefs.h.  */
| #include <ac_nonexistent.h>
configure:7590: checking for ANSI C header files
configure:7610: gcc -c -g -O2  conftest.c >&5
configure:7610: $? = 0
configure:7683: gcc -o conftest -g -O2   conftest.c  >&5
configure:7683: $? = 0
configure:7683: ./conftest
configure:7683: $? = 0
configure:7694: result: yes
configure:7707: checking for sys/types.h
configure:7707: gcc -c -g -O2  conftest.c >&5
configure:7707: $? = 0
configure:7707: result: yes
configure:7707: checking for sys/stat.h
configure:7707: gcc -c -g -O2  conftest.c >&5
configure:7707: $? = 0
configure:7707: result: yes
configure:7707: checking for stdlib.h
configure:7707: gcc -c -g -O2  conftest.c >&5
configure:7707: $? = 0
configure:7707: result: yes
configure:7707: checking for string.h
configure:7707: gcc -c -g -O2  conftest.c >&5
configure:7707: $? = 0
configure:7707: result: yes
configure:7707: checking for memory.h
configure:7707: gcc -c -g -O2  conftest.c >&5
configure:7707: $? = 0
configure:7707: result: yes
configure:7707: checking for strings.h
configure:7707: gcc -c -g -O2  conftest.c >&5
configure:7707: $? = 0
configure:7707: result: yes
configure:7707: checking for inttypes.h
configure:7707: gcc -c -g -O2  conftest.c >&5
configure:7707: $? = 0
configure:7707: result: yes
configure:7707: checking for stdint.h
configure:7707: gcc -c -g -O2  conftest.c >&5
configure:7707: $? = 0
configure:7707: result: yes
configure:7707: checking for unistd.h
configure:7707: gcc -c -g -O2  conftest.c >&5
configure:7707: $? = 0
configure:7707: result: yes
configure:7721: checking for dlfcn.h
configure:7721: gcc -c -g -O2  conftest.c >&5
configure:7721: $? = 0
configure:7721: result: yes
configure:7927: checking for objdir
configure:7942: result: .libs
configure:8213: checking if gcc supports -fno-rtti -fno-exceptions
configure:8231: gcc -c -g -O2  -fno-rtti -fno-exceptions conftest.c >&5
cc1: warning: command line option '-fno-rtti' is valid for C++/ObjC++ but not for C [enabled by default]
configure:8235: $? = 0
configure:8248: result: no
configure:8575: checking for gcc option to produce PIC
configure:8582: result: -fPIC -DPIC
configure:8590: checking if gcc PIC flag -fPIC -DPIC works
configure:8608: gcc -c -g -O2  -fPIC -DPIC -DPIC conftest.c >&5
configure:8612: $? = 0
configure:8625: result: yes
configure:8654: checking if gcc static flag -static works
configure:8682: result: yes
configure:8697: checking if gcc supports -c -o file.o
configure:8718: gcc -c -g -O2  -o out/conftest2.o conftest.c >&5
configure:8722: $? = 0
configure:8744: result: yes
configure:8752: checking if gcc supports -c -o file.o
configure:8799: result: yes
configure:8832: checking whether the gcc linker (/usr/bin/ld -m elf_x86_64) supports shared libraries
configure:9989: result: yes
configure:10026: checking whether -lc should be explicitly linked in
configure:10034: gcc -c -g -O2  conftest.c >&5
configure:10037: $? = 0
configure:10052: gcc -shared  -fPIC -DPIC conftest.o  -v -Wl,-soname -Wl,conftest -o conftest 2\>\&1 \| /bin/grep  -lc  \>/dev/null 2\>\&1
configure:10055: $? = 0
configure:10069: result: no
configure:10229: checking dynamic linker characteristics
configure:10729: gcc -o conftest -g -O2   -Wl,-rpath -Wl,/foo conftest.c  >&5
configure:10729: $? = 0
configure:10963: result: GNU/Linux ld.so
configure:11070: checking how to hardcode library paths into programs
configure:11095: result: immediate
configure:11635: checking whether stripping libraries is possible
configure:11640: result: yes
configure:11675: checking if libtool supports shared libraries
configure:11677: result: yes
configure:11680: checking whether to build shared libraries
configure:11701: result: yes
configure:11704: checking whether to build static libraries
configure:11708: result: yes
configure:11746: checking whether make sets $(MAKE)
configure:11768: result: yes
configure:11823: checking for DCCP support
configure:11909: gcc -o conftest -g -O2   conftest.c  >&5
configure:11909: $? = 0
configure:11909: ./conftest
configure:11909: $? = 0
configure:11910: result: yes
configure:12219: checking valgrind/valgrind.h usability
configure:12219: gcc -c -g -O2 -DNOEXPAT  conftest.c >&5
conftest.c:58:31: fatal error: valgrind/valgrind.h: No such file or directory
 #include <valgrind/valgrind.h>
                               ^
compilation terminated.
configure:12219: $? = 1
configure: failed program was:
| /* confdefs.h */
| #define PACKAGE_NAME "ion"
| #define PACKAGE_TARNAME "ion"
| #define PACKAGE_VERSION "open source 3.3.0"
| #define PACKAGE_STRING "ion open source 3.3.0"
| #define PACKAGE_BUGREPORT "http://korgano.eecs.ohiou.edu/mailman/listinfo/ion-bugs"
| #define PACKAGE_URL ""
| #define PACKAGE "ion"
| #define VERSION "open source 3.3.0"
| #define STDC_HEADERS 1
| #define HAVE_SYS_TYPES_H 1
| #define HAVE_SYS_STAT_H 1
| #define HAVE_STDLIB_H 1
| #define HAVE_STRING_H 1
| #define HAVE_MEMORY_H 1
| #define HAVE_STRINGS_H 1
| #define HAVE_INTTYPES_H 1
| #define HAVE_STDINT_H 1
| #define HAVE_UNISTD_H 1
| #define HAVE_DLFCN_H 1
| #define LT_OBJDIR ".libs/"
| #define linux 1
| #define build_dccp 1
| /* end confdefs.h.  */
| #include <stdio.h>
| #ifdef HAVE_SYS_TYPES_H
| # include <sys/types.h>
| #endif
| #ifdef HAVE_SYS_STAT_H
| # include <sys/stat.h>
| #endif
| #ifdef STDC_HEADERS
| # include <stdlib.h>
| # include <stddef.h>
| #else
| # ifdef HAVE_STDLIB_H
| #  include <stdlib.h>
| # endif
| #endif
| #ifdef HAVE_STRING_H
| # if !defined STDC_HEADERS && defined HAVE_MEMORY_H
| #  include <memory.h>
| # endif
| # include <string.h>
| #endif
| #ifdef HAVE_STRINGS_H
| # include <strings.h>
| #endif
| #ifdef HAVE_INTTYPES_H
| # include <inttypes.h>
| #endif
| #ifdef HAVE_STDINT_H
| # include <stdint.h>
| #endif
| #ifdef HAVE_UNISTD_H
| # include <unistd.h>
| #endif
| #include <valgrind/valgrind.h>
configure:12219: result: no
configure:12219: checking valgrind/valgrind.h presence
configure:12219: gcc -E  conftest.c
conftest.c:25:31: fatal error: valgrind/valgrind.h: No such file or directory
 #include <valgrind/valgrind.h>
                               ^
compilation terminated.
configure:12219: $? = 1
configure: failed program was:
| /* confdefs.h */
| #define PACKAGE_NAME "ion"
| #define PACKAGE_TARNAME "ion"
| #define PACKAGE_VERSION "open source 3.3.0"
| #define PACKAGE_STRING "ion open source 3.3.0"
| #define PACKAGE_BUGREPORT "http://korgano.eecs.ohiou.edu/mailman/listinfo/ion-bugs"
| #define PACKAGE_URL ""
| #define PACKAGE "ion"
| #define VERSION "open source 3.3.0"
| #define STDC_HEADERS 1
| #define HAVE_SYS_TYPES_H 1
| #define HAVE_SYS_STAT_H 1
| #define HAVE_STDLIB_H 1
| #define HAVE_STRING_H 1
| #define HAVE_MEMORY_H 1
| #define HAVE_STRINGS_H 1
| #define HAVE_INTTYPES_H 1
| #define HAVE_STDINT_H 1
| #define HAVE_UNISTD_H 1
| #define HAVE_DLFCN_H 1
| #define LT_OBJDIR ".libs/"
| #define linux 1
| #define build_dccp 1
| /* end confdefs.h.  */
| #include <valgrind/valgrind.h>
configure:12219: result: no
configure:12219: checking for valgrind/valgrind.h
configure:12219: result: no
configure:12282: checking for XML_GetCurrentLineNumber in -lexpat
configure:12307: gcc -o conftest  -Dlinux -DSPACE_ORDER=3 -fno-strict-aliasing -DENABLE_BPACS -DENABLE_IMC -DENABLE_MANPAGES -g -O2 -DNOEXPAT   conftest.c -lexpat   >&5
configure:12307: $? = 0
configure:12316: result: yes
configure:12332: checking for pthread_create in -lpthread
configure:12357: gcc -o conftest  -Dlinux -DSPACE_ORDER=3 -fno-strict-aliasing -DENABLE_BPACS -DENABLE_IMC -DENABLE_MANPAGES -g -O2 -DNOEXPAT   conftest.c -lpthread   >&5
configure:12357: $? = 0
configure:12366: result: yes
configure:12383: checking for pod2man
configure:12399: found /usr/bin/pod2man
configure:12410: result: pod2man
configure:12432: checking for ps2pdf
configure:12450: found /usr/bin/ps2pdf
configure:12462: result: /usr/bin/ps2pdf
configure:12472: checking for pdf2ps
configure:12490: found /usr/bin/pdf2ps
configure:12502: result: /usr/bin/pdf2ps
configure:12512: checking for psjoin
configure:12545: result: no
configure:12552: checking for pdfjoin
configure:12585: result: no
configure:12590: checking for fallback included psjoin
configure:12594: result: /home/bruno/Projects/ion-open-source/doc/psjoin
configure:12602: checking for groff
configure:12620: found /usr/bin/groff
configure:12632: result: /usr/bin/groff
configure:12640: checking if groff suports -ms
configure:12647: result: not found
configure:12649: try installing groff and the ms plugin
configure:12657: checking for man
configure:12675: found /usr/bin/man
configure:12687: result: /usr/bin/man
configure:12695: checking if man supports -l
configure:12698: result: /usr/bin/man
configure:12710: checking for tools to build autodoc
configure:12717: result: not found (skipping autodoc)
configure:12719: Ensure the ghostscript, psutils, groff-base and groff packages are installed.
configure:12737: checking for dirent.h that defines DIR
configure:12756: gcc -c -g -O2 -DNOEXPAT  conftest.c >&5
configure:12756: $? = 0
configure:12764: result: yes
configure:12777: checking for library containing opendir
configure:12808: gcc -o conftest -g -O2 -DNOEXPAT   conftest.c  >&5
configure:12808: $? = 0
configure:12825: result: none required
configure:12892: checking for ANSI C header files
configure:12996: result: yes
configure:13004: checking for sys/wait.h that is POSIX.1 compatible
configure:13030: gcc -c -g -O2 -DNOEXPAT  conftest.c >&5
configure:13030: $? = 0
configure:13037: result: yes
configure:13048: checking fcntl.h usability
configure:13048: gcc -c -g -O2 -DNOEXPAT  conftest.c >&5
configure:13048: $? = 0
configure:13048: result: yes
configure:13048: checking fcntl.h presence
configure:13048: gcc -E  conftest.c
configure:13048: $? = 0
configure:13048: result: yes
configure:13048: checking for fcntl.h
configure:13048: result: yes
configure:13048: checking malloc.h usability
configure:13048: gcc -c -g -O2 -DNOEXPAT  conftest.c >&5
configure:13048: $? = 0
configure:13048: result: yes
configure:13048: checking malloc.h presence
configure:13048: gcc -E  conftest.c
configure:13048: $? = 0
configure:13048: result: yes
configure:13048: checking for malloc.h
configure:13048: result: yes
configure:13048: checking netdb.h usability
configure:13048: gcc -c -g -O2 -DNOEXPAT  conftest.c >&5
configure:13048: $? = 0
configure:13048: result: yes
configure:13048: checking netdb.h presence
configure:13048: gcc -E  conftest.c
configure:13048: $? = 0
configure:13048: result: yes
configure:13048: checking for netdb.h
configure:13048: result: yes
configure:13048: checking netinet/in.h usability
configure:13048: gcc -c -g -O2 -DNOEXPAT  conftest.c >&5
configure:13048: $? = 0
configure:13048: result: yes
configure:13048: checking netinet/in.h presence
configure:13048: gcc -E  conftest.c
configure:13048: $? = 0
configure:13048: result: yes
configure:13048: checking for netinet/in.h
configure:13048: result: yes
configure:13048: checking stddef.h usability
configure:13048: gcc -c -g -O2 -DNOEXPAT  conftest.c >&5
configure:13048: $? = 0
configure:13048: result: yes
configure:13048: checking stddef.h presence
configure:13048: gcc -E  conftest.c
configure:13048: $? = 0
configure:13048: result: yes
configure:13048: checking for stddef.h
configure:13048: result: yes
configure:13048: checking for stdlib.h
configure:13048: result: yes
configure:13048: checking for string.h
configure:13048: result: yes
configure:13048: checking sys/ioctl.h usability
configure:13048: gcc -c -g -O2 -DNOEXPAT  conftest.c >&5
configure:13048: $? = 0
configure:13048: result: yes
configure:13048: checking sys/ioctl.h presence
configure:13048: gcc -E  conftest.c
configure:13048: $? = 0
configure:13048: result: yes
configure:13048: checking for sys/ioctl.h
configure:13048: result: yes
configure:13048: checking sys/param.h usability
configure:13048: gcc -c -g -O2 -DNOEXPAT  conftest.c >&5
configure:13048: $? = 0
configure:13048: result: yes
configure:13048: checking sys/param.h presence
configure:13048: gcc -E  conftest.c
configure:13048: $? = 0
configure:13048: result: yes
configure:13048: checking for sys/param.h
configure:13048: result: yes
configure:13048: checking sys/socket.h usability
configure:13048: gcc -c -g -O2 -DNOEXPAT  conftest.c >&5
configure:13048: $? = 0
configure:13048: result: yes
configure:13048: checking sys/socket.h presence
configure:13048: gcc -E  conftest.c
configure:13048: $? = 0
configure:13048: result: yes
configure:13048: checking for sys/socket.h
configure:13048: result: yes
configure:13048: checking sys/time.h usability
configure:13048: gcc -c -g -O2 -DNOEXPAT  conftest.c >&5
configure:13048: $? = 0
configure:13048: result: yes
configure:13048: checking sys/time.h presence
configure:13048: gcc -E  conftest.c
configure:13048: $? = 0
configure:13048: result: yes
configure:13048: checking for sys/time.h
configure:13048: result: yes
configure:13048: checking for unistd.h
configure:13048: result: yes
configure:13059: checking for an ANSI C-conforming const
configure:13125: gcc -c -g -O2 -DNOEXPAT  conftest.c >&5
configure:13125: $? = 0
configure:13132: result: yes
configure:13140: checking for size_t
configure:13140: gcc -c -g -O2 -DNOEXPAT  conftest.c >&5
configure:13140: $? = 0
configure:13140: gcc -c -g -O2 -DNOEXPAT  conftest.c >&5
conftest.c: In function 'main':
conftest.c:76:21: error: expected expression before ')' token
 if (sizeof ((size_t)))
                     ^
configure:13140: $? = 1
configure: failed program was:
| /* confdefs.h */
| #define PACKAGE_NAME "ion"
| #define PACKAGE_TARNAME "ion"
| #define PACKAGE_VERSION "open source 3.3.0"
| #define PACKAGE_STRING "ion open source 3.3.0"
| #define PACKAGE_BUGREPORT "http://korgano.eecs.ohiou.edu/mailman/listinfo/ion-bugs"
| #define PACKAGE_URL ""
| #define PACKAGE "ion"
| #define VERSION "open source 3.3.0"
| #define STDC_HEADERS 1
| #define HAVE_SYS_TYPES_H 1
| #define HAVE_SYS_STAT_H 1
| #define HAVE_STDLIB_H 1
| #define HAVE_STRING_H 1
| #define HAVE_MEMORY_H 1
| #define HAVE_STRINGS_H 1
| #define HAVE_INTTYPES_H 1
| #define HAVE_STDINT_H 1
| #define HAVE_UNISTD_H 1
| #define HAVE_DLFCN_H 1
| #define LT_OBJDIR ".libs/"
| #define linux 1
| #define build_dccp 1
| #define HAVE_DIRENT_H 1
| #define STDC_HEADERS 1
| #define HAVE_SYS_WAIT_H 1
| #define HAVE_FCNTL_H 1
| #define HAVE_MALLOC_H 1
| #define HAVE_NETDB_H 1
| #define HAVE_NETINET_IN_H 1
| #define HAVE_STDDEF_H 1
| #define HAVE_STDLIB_H 1
| #define HAVE_STRING_H 1
| #define HAVE_SYS_IOCTL_H 1
| #define HAVE_SYS_PARAM_H 1
| #define HAVE_SYS_SOCKET_H 1
| #define HAVE_SYS_TIME_H 1
| #define HAVE_UNISTD_H 1
| /* end confdefs.h.  */
| #include <stdio.h>
| #ifdef HAVE_SYS_TYPES_H
| # include <sys/types.h>
| #endif
| #ifdef HAVE_SYS_STAT_H
| # include <sys/stat.h>
| #endif
| #ifdef STDC_HEADERS
| # include <stdlib.h>
| # include <stddef.h>
| #else
| # ifdef HAVE_STDLIB_H
| #  include <stdlib.h>
| # endif
| #endif
| #ifdef HAVE_STRING_H
| # if !defined STDC_HEADERS && defined HAVE_MEMORY_H
| #  include <memory.h>
| # endif
| # include <string.h>
| #endif
| #ifdef HAVE_STRINGS_H
| # include <strings.h>
| #endif
| #ifdef HAVE_INTTYPES_H
| # include <inttypes.h>
| #endif
| #ifdef HAVE_STDINT_H
| # include <stdint.h>
| #endif
| #ifdef HAVE_UNISTD_H
| # include <unistd.h>
| #endif
| int
| main ()
| {
| if (sizeof ((size_t)))
| 	    return 0;
|   ;
|   return 0;
| }
configure:13140: result: yes
configure:13151: checking whether time.h and sys/time.h may both be included
configure:13171: gcc -c -g -O2 -DNOEXPAT  conftest.c >&5
configure:13171: $? = 0
configure:13178: result: yes
configure:13186: checking whether struct tm is in sys/time.h or time.h
configure:13206: gcc -c -g -O2 -DNOEXPAT  conftest.c >&5
configure:13206: $? = 0
configure:13213: result: time.h
configure:13221: checking for uid_t in sys/types.h
configure:13240: result: yes
configure:13255: checking for pid_t
configure:13255: gcc -c -g -O2 -DNOEXPAT  conftest.c >&5
configure:13255: $? = 0
configure:13255: gcc -c -g -O2 -DNOEXPAT  conftest.c >&5
conftest.c: In function 'main':
conftest.c:77:20: error: expected expression before ')' token
 if (sizeof ((pid_t)))
                    ^
configure:13255: $? = 1
configure: failed program was:
| /* confdefs.h */
| #define PACKAGE_NAME "ion"
| #define PACKAGE_TARNAME "ion"
| #define PACKAGE_VERSION "open source 3.3.0"
| #define PACKAGE_STRING "ion open source 3.3.0"
| #define PACKAGE_BUGREPORT "http://korgano.eecs.ohiou.edu/mailman/listinfo/ion-bugs"
| #define PACKAGE_URL ""
| #define PACKAGE "ion"
| #define VERSION "open source 3.3.0"
| #define STDC_HEADERS 1
| #define HAVE_SYS_TYPES_H 1
| #define HAVE_SYS_STAT_H 1
| #define HAVE_STDLIB_H 1
| #define HAVE_STRING_H 1
| #define HAVE_MEMORY_H 1
| #define HAVE_STRINGS_H 1
| #define HAVE_INTTYPES_H 1
| #define HAVE_STDINT_H 1
| #define HAVE_UNISTD_H 1
| #define HAVE_DLFCN_H 1
| #define LT_OBJDIR ".libs/"
| #define linux 1
| #define build_dccp 1
| #define HAVE_DIRENT_H 1
| #define STDC_HEADERS 1
| #define HAVE_SYS_WAIT_H 1
| #define HAVE_FCNTL_H 1
| #define HAVE_MALLOC_H 1
| #define HAVE_NETDB_H 1
| #define HAVE_NETINET_IN_H 1
| #define HAVE_STDDEF_H 1
| #define HAVE_STDLIB_H 1
| #define HAVE_STRING_H 1
| #define HAVE_SYS_IOCTL_H 1
| #define HAVE_SYS_PARAM_H 1
| #define HAVE_SYS_SOCKET_H 1
| #define HAVE_SYS_TIME_H 1
| #define HAVE_UNISTD_H 1
| #define TIME_WITH_SYS_TIME 1
| /* end confdefs.h.  */
| #include <stdio.h>
| #ifdef HAVE_SYS_TYPES_H
| # include <sys/types.h>
| #endif
| #ifdef HAVE_SYS_STAT_H
| # include <sys/stat.h>
| #endif
| #ifdef STDC_HEADERS
| # include <stdlib.h>
| # include <stddef.h>
| #else
| # ifdef HAVE_STDLIB_H
| #  include <stdlib.h>
| # endif
| #endif
| #ifdef HAVE_STRING_H
| # if !defined STDC_HEADERS && defined HAVE_MEMORY_H
| #  include <memory.h>
| # endif
| # include <string.h>
| #endif
| #ifdef HAVE_STRINGS_H
| # include <strings.h>
| #endif
| #ifdef HAVE_INTTYPES_H
| # include <inttypes.h>
| #endif
| #ifdef HAVE_STDINT_H
| # include <stdint.h>
| #endif
| #ifdef HAVE_UNISTD_H
| # include <unistd.h>
| #endif
| int
| main ()
| {
| if (sizeof ((pid_t)))
| 	    return 0;
|   ;
|   return 0;
| }
configure:13255: result: yes
configure:13268: checking vfork.h usability
configure:13268: gcc -c -g -O2 -DNOEXPAT  conftest.c >&5
conftest.c:74:19: fatal error: vfork.h: No such file or directory
 #include <vfork.h>
                   ^
compilation terminated.
configure:13268: $? = 1
configure: failed program was:
| /* confdefs.h */
| #define PACKAGE_NAME "ion"
| #define PACKAGE_TARNAME "ion"
| #define PACKAGE_VERSION "open source 3.3.0"
| #define PACKAGE_STRING "ion open source 3.3.0"
| #define PACKAGE_BUGREPORT "http://korgano.eecs.ohiou.edu/mailman/listinfo/ion-bugs"
| #define PACKAGE_URL ""
| #define PACKAGE "ion"
| #define VERSION "open source 3.3.0"
| #define STDC_HEADERS 1
| #define HAVE_SYS_TYPES_H 1
| #define HAVE_SYS_STAT_H 1
| #define HAVE_STDLIB_H 1
| #define HAVE_STRING_H 1
| #define HAVE_MEMORY_H 1
| #define HAVE_STRINGS_H 1
| #define HAVE_INTTYPES_H 1
| #define HAVE_STDINT_H 1
| #define HAVE_UNISTD_H 1
| #define HAVE_DLFCN_H 1
| #define LT_OBJDIR ".libs/"
| #define linux 1
| #define build_dccp 1
| #define HAVE_DIRENT_H 1
| #define STDC_HEADERS 1
| #define HAVE_SYS_WAIT_H 1
| #define HAVE_FCNTL_H 1
| #define HAVE_MALLOC_H 1
| #define HAVE_NETDB_H 1
| #define HAVE_NETINET_IN_H 1
| #define HAVE_STDDEF_H 1
| #define HAVE_STDLIB_H 1
| #define HAVE_STRING_H 1
| #define HAVE_SYS_IOCTL_H 1
| #define HAVE_SYS_PARAM_H 1
| #define HAVE_SYS_SOCKET_H 1
| #define HAVE_SYS_TIME_H 1
| #define HAVE_UNISTD_H 1
| #define TIME_WITH_SYS_TIME 1
| /* end confdefs.h.  */
| #include <stdio.h>
| #ifdef HAVE_SYS_TYPES_H
| # include <sys/types.h>
| #endif
| #ifdef HAVE_SYS_STAT_H
| # include <sys/stat.h>
| #endif
| #ifdef STDC_HEADERS
| # include <stdlib.h>
| # include <stddef.h>
| #else
| # ifdef HAVE_STDLIB_H
| #  include <stdlib.h>
| # endif
| #endif
| #ifdef HAVE_STRING_H
| # if !defined STDC_HEADERS && defined HAVE_MEMORY_H
| #  include <memory.h>
| # endif
| # include <string.h>
| #endif
| #ifdef HAVE_STRINGS_H
| # include <strings.h>
| #endif
| #ifdef HAVE_INTTYPES_H
| # include <inttypes.h>
| #endif
| #ifdef HAVE_STDINT_H
| # include <stdint.h>
| #endif
| #ifdef HAVE_UNISTD_H
| # include <unistd.h>
| #endif
| #include <vfork.h>
configure:13268: result: no
configure:13268: checking vfork.h presence
configure:13268: gcc -E  conftest.c
conftest.c:41:19: fatal error: vfork.h: No such file or directory
 #include <vfork.h>
                   ^
compilation terminated.
configure:13268: $? = 1
configure: failed program was:
| /* confdefs.h */
| #define PACKAGE_NAME "ion"
| #define PACKAGE_TARNAME "ion"
| #define PACKAGE_VERSION "open source 3.3.0"
| #define PACKAGE_STRING "ion open source 3.3.0"
| #define PACKAGE_BUGREPORT "http://korgano.eecs.ohiou.edu/mailman/listinfo/ion-bugs"
| #define PACKAGE_URL ""
| #define PACKAGE "ion"
| #define VERSION "open source 3.3.0"
| #define STDC_HEADERS 1
| #define HAVE_SYS_TYPES_H 1
| #define HAVE_SYS_STAT_H 1
| #define HAVE_STDLIB_H 1
| #define HAVE_STRING_H 1
| #define HAVE_MEMORY_H 1
| #define HAVE_STRINGS_H 1
| #define HAVE_INTTYPES_H 1
| #define HAVE_STDINT_H 1
| #define HAVE_UNISTD_H 1
| #define HAVE_DLFCN_H 1
| #define LT_OBJDIR ".libs/"
| #define linux 1
| #define build_dccp 1
| #define HAVE_DIRENT_H 1
| #define STDC_HEADERS 1
| #define HAVE_SYS_WAIT_H 1
| #define HAVE_FCNTL_H 1
| #define HAVE_MALLOC_H 1
| #define HAVE_NETDB_H 1
| #define HAVE_NETINET_IN_H 1
| #define HAVE_STDDEF_H 1
| #define HAVE_STDLIB_H 1
| #define HAVE_STRING_H 1
| #define HAVE_SYS_IOCTL_H 1
| #define HAVE_SYS_PARAM_H 1
| #define HAVE_SYS_SOCKET_H 1
| #define HAVE_SYS_TIME_H 1
| #define HAVE_UNISTD_H 1
| #define TIME_WITH_SYS_TIME 1
| /* end confdefs.h.  */
| #include <vfork.h>
configure:13268: result: no
configure:13268: checking for vfork.h
configure:13268: result: no
configure:13281: checking for fork
configure:13281: gcc -o conftest -g -O2 -DNOEXPAT   conftest.c  >&5
conftest.c:64:6: warning: conflicting types for built-in function 'fork' [enabled by default]
 char fork ();
      ^
configure:13281: $? = 0
configure:13281: result: yes
configure:13281: checking for vfork
configure:13281: gcc -o conftest -g -O2 -DNOEXPAT   conftest.c  >&5
configure:13281: $? = 0
configure:13281: result: yes
configure:13291: checking for working fork
configure:13313: gcc -o conftest -g -O2 -DNOEXPAT   conftest.c  >&5
configure:13313: $? = 0
configure:13313: ./conftest
configure:13313: $? = 0
configure:13323: result: yes
configure:13344: checking for working vfork
configure:13454: result: yes
configure:13480: checking whether gcc needs -traditional
configure:13514: result: no
configure:13525: checking return type of signal handlers
configure:13543: gcc -c -g -O2 -DNOEXPAT  conftest.c >&5
conftest.c: In function 'main':
conftest.c:51:1: error: void value not ignored as it ought to be
 return *(signal (0, 0)) (0) == 1;
 ^
configure:13543: $? = 1
configure: failed program was:
| /* confdefs.h */
| #define PACKAGE_NAME "ion"
| #define PACKAGE_TARNAME "ion"
| #define PACKAGE_VERSION "open source 3.3.0"
| #define PACKAGE_STRING "ion open source 3.3.0"
| #define PACKAGE_BUGREPORT "http://korgano.eecs.ohiou.edu/mailman/listinfo/ion-bugs"
| #define PACKAGE_URL ""
| #define PACKAGE "ion"
| #define VERSION "open source 3.3.0"
| #define STDC_HEADERS 1
| #define HAVE_SYS_TYPES_H 1
| #define HAVE_SYS_STAT_H 1
| #define HAVE_STDLIB_H 1
| #define HAVE_STRING_H 1
| #define HAVE_MEMORY_H 1
| #define HAVE_STRINGS_H 1
| #define HAVE_INTTYPES_H 1
| #define HAVE_STDINT_H 1
| #define HAVE_UNISTD_H 1
| #define HAVE_DLFCN_H 1
| #define LT_OBJDIR ".libs/"
| #define linux 1
| #define build_dccp 1
| #define HAVE_DIRENT_H 1
| #define STDC_HEADERS 1
| #define HAVE_SYS_WAIT_H 1
| #define HAVE_FCNTL_H 1
| #define HAVE_MALLOC_H 1
| #define HAVE_NETDB_H 1
| #define HAVE_NETINET_IN_H 1
| #define HAVE_STDDEF_H 1
| #define HAVE_STDLIB_H 1
| #define HAVE_STRING_H 1
| #define HAVE_SYS_IOCTL_H 1
| #define HAVE_SYS_PARAM_H 1
| #define HAVE_SYS_SOCKET_H 1
| #define HAVE_SYS_TIME_H 1
| #define HAVE_UNISTD_H 1
| #define TIME_WITH_SYS_TIME 1
| #define HAVE_FORK 1
| #define HAVE_VFORK 1
| #define HAVE_WORKING_VFORK 1
| #define HAVE_WORKING_FORK 1
| /* end confdefs.h.  */
| #include <sys/types.h>
| #include <signal.h>
| 
| int
| main ()
| {
| return *(signal (0, 0)) (0) == 1;
|   ;
|   return 0;
| }
configure:13550: result: void
configure:13563: checking for alarm
configure:13563: gcc -o conftest -g -O2 -DNOEXPAT   conftest.c  >&5
configure:13563: $? = 0
configure:13563: result: yes
configure:13563: checking for ftruncate
configure:13563: gcc -o conftest -g -O2 -DNOEXPAT   conftest.c  >&5
configure:13563: $? = 0
configure:13563: result: yes
configure:13563: checking for getcwd
configure:13563: gcc -o conftest -g -O2 -DNOEXPAT   conftest.c  >&5
configure:13563: $? = 0
configure:13563: result: yes
configure:13563: checking for gethostbyaddr
configure:13563: gcc -o conftest -g -O2 -DNOEXPAT   conftest.c  >&5
configure:13563: $? = 0
configure:13563: result: yes
configure:13563: checking for gethostbyname
configure:13563: gcc -o conftest -g -O2 -DNOEXPAT   conftest.c  >&5
configure:13563: $? = 0
configure:13563: result: yes
configure:13563: checking for gethostname
configure:13563: gcc -o conftest -g -O2 -DNOEXPAT   conftest.c  >&5
configure:13563: $? = 0
configure:13563: result: yes
configure:13563: checking for gettimeofday
configure:13563: gcc -o conftest -g -O2 -DNOEXPAT   conftest.c  >&5
configure:13563: $? = 0
configure:13563: result: yes
configure:13563: checking for memset
configure:13563: gcc -o conftest -g -O2 -DNOEXPAT   conftest.c  >&5
conftest.c:76:6: warning: conflicting types for built-in function 'memset' [enabled by default]
 char memset ();
      ^
configure:13563: $? = 0
configure:13563: result: yes
configure:13563: checking for mkdir
configure:13563: gcc -o conftest -g -O2 -DNOEXPAT   conftest.c  >&5
configure:13563: $? = 0
configure:13563: result: yes
configure:13563: checking for mkfifo
configure:13563: gcc -o conftest -g -O2 -DNOEXPAT   conftest.c  >&5
configure:13563: $? = 0
configure:13563: result: yes
configure:13563: checking for rmdir
configure:13563: gcc -o conftest -g -O2 -DNOEXPAT   conftest.c  >&5
configure:13563: $? = 0
configure:13563: result: yes
configure:13563: checking for select
configure:13563: gcc -o conftest -g -O2 -DNOEXPAT   conftest.c  >&5
configure:13563: $? = 0
configure:13563: result: yes
configure:13563: checking for socket
configure:13563: gcc -o conftest -g -O2 -DNOEXPAT   conftest.c  >&5
configure:13563: $? = 0
configure:13563: result: yes
configure:13563: checking for strcasecmp
configure:13563: gcc -o conftest -g -O2 -DNOEXPAT   conftest.c  >&5
conftest.c:82:6: warning: conflicting types for built-in function 'strcasecmp' [enabled by default]
 char strcasecmp ();
      ^
configure:13563: $? = 0
configure:13563: result: yes
configure:13563: checking for strchr
configure:13563: gcc -o conftest -g -O2 -DNOEXPAT   conftest.c  >&5
conftest.c:83:6: warning: conflicting types for built-in function 'strchr' [enabled by default]
 char strchr ();
      ^
configure:13563: $? = 0
configure:13563: result: yes
configure:13563: checking for strerror
configure:13563: gcc -o conftest -g -O2 -DNOEXPAT   conftest.c  >&5
configure:13563: $? = 0
configure:13563: result: yes
configure:13563: checking for strncasecmp
configure:13563: gcc -o conftest -g -O2 -DNOEXPAT   conftest.c  >&5
conftest.c:85:6: warning: conflicting types for built-in function 'strncasecmp' [enabled by default]
 char strncasecmp ();
      ^
configure:13563: $? = 0
configure:13563: result: yes
configure:13563: checking for strstr
configure:13563: gcc -o conftest -g -O2 -DNOEXPAT   conftest.c  >&5
conftest.c:86:6: warning: conflicting types for built-in function 'strstr' [enabled by default]
 char strstr ();
      ^
configure:13563: $? = 0
configure:13563: result: yes
configure:13563: checking for strtoul
configure:13563: gcc -o conftest -g -O2 -DNOEXPAT   conftest.c  >&5
configure:13563: $? = 0
configure:13563: result: yes
configure:13563: checking for uname
configure:13563: gcc -o conftest -g -O2 -DNOEXPAT   conftest.c  >&5
configure:13563: $? = 0
configure:13563: result: yes
configure:13711: checking that generated files are newer than configure
configure:13717: result: done
configure:13784: creating ./config.status

## ---------------------- ##
## Running config.status. ##
## ---------------------- ##

This file was extended by ion config.status open source 3.3.0, which was
generated by GNU Autoconf 2.69.  Invocation command line was

  CONFIG_FILES    = 
  CONFIG_HEADERS  = 
  CONFIG_LINKS    = 
  CONFIG_COMMANDS = 
  $ ./config.status 

on linux

config.status:1158: creating Makefile
config.status:1158: creating contrib/Makefile
config.status:1158: creating config.h
config.status:1387: executing depfiles commands
config.status:1387: executing libtool commands

## ---------------- ##
## Cache variables. ##
## ---------------- ##

ac_cv_build=x86_64-unknown-linux-gnu
ac_cv_c_compiler_gnu=yes
ac_cv_c_const=yes
ac_cv_env_CC_set=
ac_cv_env_CC_value=
ac_cv_env_CFLAGS_set=
ac_cv_env_CFLAGS_value=
ac_cv_env_CPPFLAGS_set=
ac_cv_env_CPPFLAGS_value=
ac_cv_env_CPP_set=
ac_cv_env_CPP_value=
ac_cv_env_LDFLAGS_set=
ac_cv_env_LDFLAGS_value=
ac_cv_env_LIBS_set=
ac_cv_env_LIBS_value=
ac_cv_env_build_alias_set=
ac_cv_env_build_alias_value=
ac_cv_env_host_alias_set=
ac_cv_env_host_alias_value=
ac_cv_env_target_alias_set=
ac_cv_env_target_alias_value=
ac_cv_func_alarm=yes
ac_cv_func_fork=yes
ac_cv_func_fork_works=yes
ac_cv_func_ftruncate=yes
ac_cv_func_getcwd=yes
ac_cv_func_gethostbyaddr=yes
ac_cv_func_gethostbyname=yes
ac_cv_func_gethostname=yes
ac_cv_func_gettimeofday=yes
ac_cv_func_memset=yes
ac_cv_func_mkdir=yes
ac_cv_func_mkfifo=yes
ac_cv_func_rmdir=yes
ac_cv_func_select=yes
ac_cv_func_socket=yes
ac_cv_func_strcasecmp=yes
ac_cv_func_strchr=yes
ac_cv_func_strerror=yes
ac_cv_func_strncasecmp=yes
ac_cv_func_strstr=yes
ac_cv_func_strtoul=yes
ac_cv_func_uname=yes
ac_cv_func_vfork=yes
ac_cv_func_vfork_works=yes
ac_cv_header_dirent_dirent_h=yes
ac_cv_header_dlfcn_h=yes
ac_cv_header_fcntl_h=yes
ac_cv_header_inttypes_h=yes
ac_cv_header_malloc_h=yes
ac_cv_header_memory_h=yes
ac_cv_header_netdb_h=yes
ac_cv_header_netinet_in_h=yes
ac_cv_header_stdc=yes
ac_cv_header_stddef_h=yes
ac_cv_header_stdint_h=yes
ac_cv_header_stdlib_h=yes
ac_cv_header_string_h=yes
ac_cv_header_strings_h=yes
ac_cv_header_sys_ioctl_h=yes
ac_cv_header_sys_param_h=yes
ac_cv_header_sys_socket_h=yes
ac_cv_header_sys_stat_h=yes
ac_cv_header_sys_time_h=yes
ac_cv_header_sys_types_h=yes
ac_cv_header_sys_wait_h=yes
ac_cv_header_time=yes
ac_cv_header_unistd_h=yes
ac_cv_header_valgrind_valgrind_h=no
ac_cv_header_vfork_h=no
ac_cv_host=x86_64-unknown-linux-gnu
ac_cv_lib_expat_XML_GetCurrentLineNumber=yes
ac_cv_lib_pthread_pthread_create=yes
ac_cv_objext=o
ac_cv_path_EGREP='/bin/grep -E'
ac_cv_path_FGREP='/bin/grep -F'
ac_cv_path_GREP=/bin/grep
ac_cv_path_GROFF=/usr/bin/groff
ac_cv_path_MANOPTS=/usr/bin/man
ac_cv_path_PDF2PS=/usr/bin/pdf2ps
ac_cv_path_PS2PDF=/usr/bin/ps2pdf
ac_cv_path_SED=/bin/sed
ac_cv_path_install='/usr/bin/install -c'
ac_cv_path_mkdir=/bin/mkdir
ac_cv_prog_AWK=mawk
ac_cv_prog_CPP='gcc -E'
ac_cv_prog_POD_DOCUMENTATION=pod2man
ac_cv_prog_ac_ct_AR=ar
ac_cv_prog_ac_ct_CC=gcc
ac_cv_prog_ac_ct_MANIFEST_TOOL=mt
ac_cv_prog_ac_ct_OBJDUMP=objdump
ac_cv_prog_ac_ct_RANLIB=ranlib
ac_cv_prog_ac_ct_STRIP=strip
ac_cv_prog_cc_c89=
ac_cv_prog_cc_g=yes
ac_cv_prog_gcc_traditional=no
ac_cv_prog_make_make_set=yes
ac_cv_search_opendir='none required'
ac_cv_struct_tm=time.h
ac_cv_type_pid_t=yes
ac_cv_type_signal=void
ac_cv_type_size_t=yes
ac_cv_type_uid_t=yes
am_cv_CC_dependencies_compiler_type=gcc3
am_cv_ar_interface=ar
am_cv_make_support_nested_variables=yes
am_cv_prog_cc_c_o=yes
lt_cv_ar_at_file=@
lt_cv_archive_cmds_need_lc=no
lt_cv_deplibs_check_method=pass_all
lt_cv_file_magic_cmd='$MAGIC_CMD'
lt_cv_file_magic_test_file=
lt_cv_ld_reload_flag=-r
lt_cv_nm_interface='BSD nm'
lt_cv_objdir=.libs
lt_cv_path_LD=/usr/bin/ld
lt_cv_path_NM='/usr/bin/nm -B'
lt_cv_path_mainfest_tool=no
lt_cv_prog_compiler_c_o=yes
lt_cv_prog_compiler_pic='-fPIC -DPIC'
lt_cv_prog_compiler_pic_works=yes
lt_cv_prog_compiler_rtti_exceptions=no
lt_cv_prog_compiler_static_works=yes
lt_cv_prog_gnu_ld=yes
lt_cv_sharedlib_from_linklib_cmd='printf %s\n'
lt_cv_shlibpath_overrides_runpath=no
lt_cv_sys_global_symbol_pipe='sed -n -e '\''s/^.*[	 ]\([ABCDGIRSTW][ABCDGIRSTW]*\)[	 ][	 ]*\([_A-Za-z][_A-Za-z0-9]*\)$/\1 \2 \2/p'\'' | sed '\''/ __gnu_lto/d'\'''
lt_cv_sys_global_symbol_to_c_name_address='sed -n -e '\''s/^: \([^ ]*\)[ ]*$/  {\"\1\", (void *) 0},/p'\'' -e '\''s/^[ABCDGIRSTW]* \([^ ]*\) \([^ ]*\)$/  {"\2", (void *) \&\2},/p'\'''
lt_cv_sys_global_symbol_to_c_name_address_lib_prefix='sed -n -e '\''s/^: \([^ ]*\)[ ]*$/  {\"\1\", (void *) 0},/p'\'' -e '\''s/^[ABCDGIRSTW]* \([^ ]*\) \(lib[^ ]*\)$/  {"\2", (void *) \&\2},/p'\'' -e '\''s/^[ABCDGIRSTW]* \([^ ]*\) \([^ ]*\)$/  {"lib\2", (void *) \&\2},/p'\'''
lt_cv_sys_global_symbol_to_cdecl='sed -n -e '\''s/^T .* \(.*\)$/extern int \1();/p'\'' -e '\''s/^[ABCDGIRSTW]* .* \(.*\)$/extern char \1;/p'\'''
lt_cv_sys_max_cmd_len=1572864
lt_cv_to_host_file_cmd=func_convert_file_noop
lt_cv_to_tool_file_cmd=func_convert_file_noop

## ----------------- ##
## Output variables. ##
## ----------------- ##

ACLOCAL='${SHELL} /home/bruno/Projects/ion-open-source/missing aclocal-1.14'
AMDEPBACKSLASH='\'
AMDEP_FALSE='#'
AMDEP_TRUE=''
AMTAR='$${TAR-tar}'
AM_BACKSLASH='\'
AM_CFLAGS=' -Dlinux -DSPACE_ORDER=3 -fno-strict-aliasing -DENABLE_BPACS -DENABLE_IMC -DENABLE_MANPAGES'
AM_DEFAULT_V='$(AM_DEFAULT_VERBOSITY)'
AM_DEFAULT_VERBOSITY='1'
AM_LDFLAGS=' -lpthread'
AM_LIBTOOLFLAGS=''
AM_V='$(V)'
AR='ar'
AUTOCONF='${SHELL} /home/bruno/Projects/ion-open-source/missing autoconf'
AUTOHEADER='${SHELL} /home/bruno/Projects/ion-open-source/missing autoheader'
AUTOMAKE='${SHELL} /home/bruno/Projects/ion-open-source/missing automake-1.14'
AWK='mawk'
BUILD_CONTRIB_FALSE='#'
BUILD_CONTRIB_TRUE=''
CC='gcc'
CCDEPMODE='depmode=gcc3'
CFLAGS='-g -O2 -DNOEXPAT'
CPP='gcc -E'
CPPFLAGS=''
CRYPTO_FALSE=''
CRYPTO_LIBS=''
CRYPTO_TRUE='#'
CYGPATH_W='echo'
DEFS='-DHAVE_CONFIG_H'
DEPDIR='.deps'
DLLTOOL='false'
DSYMUTIL=''
DUMPBIN=''
ECHO_C=''
ECHO_N='-n'
ECHO_T=''
EGREP='/bin/grep -E'
ENABLE_AUTODOC_FALSE=''
ENABLE_AUTODOC_TRUE='#'
ENABLE_BPACS_FALSE='#'
ENABLE_BPACS_TRUE=''
ENABLE_EXPAT_FALSE=''
ENABLE_EXPAT_TRUE='#'
ENABLE_GCOV_FALSE=''
ENABLE_GCOV_TRUE='#'
ENABLE_IMC_FALSE='#'
ENABLE_IMC_TRUE=''
ENABLE_MANPAGES_FALSE='#'
ENABLE_MANPAGES_TRUE=''
EXEEXT=''
EXPAT_LIBS='-lexpat'
FGREP='/bin/grep -F'
GREP='/bin/grep'
GROFF='/usr/bin/groff'
GROFFMS=''
INSTALL_DATA='${INSTALL} -m 644'
INSTALL_PROGRAM='${INSTALL}'
INSTALL_SCRIPT='${INSTALL}'
INSTALL_STRIP_PROGRAM='$(install_sh) -c -s'
ION_NASA_B_FALSE=''
ION_NASA_B_TRUE='#'
LD='/usr/bin/ld -m elf_x86_64'
LDFLAGS=''
LIBOBJS=''
LIBS=''
LIBTOOL='$(SHELL) $(top_builddir)/libtool'
LINUX_BUILD_FALSE='#'
LINUX_BUILD_TRUE=''
LIPO=''
LN_S='ln -s'
LTLIBOBJS=''
MAKEINFO='${SHELL} /home/bruno/Projects/ion-open-source/missing makeinfo'
MANIFEST_TOOL=':'
MANOPTS='/usr/bin/man'
MKDIR_P='/bin/mkdir -p'
NM='/usr/bin/nm -B'
NMEDIT=''
OBJDUMP='objdump'
OBJEXT='o'
OTOOL64=''
OTOOL=''
PACKAGE='ion'
PACKAGE_BUGREPORT='http://korgano.eecs.ohiou.edu/mailman/listinfo/ion-bugs'
PACKAGE_NAME='ion'
PACKAGE_STRING='ion open source 3.3.0'
PACKAGE_TARNAME='ion'
PACKAGE_URL=''
PACKAGE_VERSION='open source 3.3.0'
PATH_SEPARATOR=':'
PDF2PS='/usr/bin/pdf2ps'
PDFJOIN=''
POD_DOCUMENTATION='pod2man'
PS2PDF='/usr/bin/ps2pdf'
PSJOIN='/home/bruno/Projects/ion-open-source/doc/psjoin'
RANLIB='ranlib'
SED='/bin/sed'
SET_MAKE=''
SHELL='/bin/bash'
STRIP='strip'
VALGRIND_COMPAT_CFLAGS=''
VERSION='open source 3.3.0'
ac_ct_AR='ar'
ac_ct_CC='gcc'
ac_ct_DUMPBIN=''
am__EXEEXT_FALSE=''
am__EXEEXT_TRUE='#'
am__fastdepCC_FALSE='#'
am__fastdepCC_TRUE=''
am__include='include'
am__isrc=''
am__leading_dot='.'
am__nodep='_no'
am__quote=''
am__tar='$${TAR-tar} chof - "$$tardir"'
am__untar='$${TAR-tar} xf -'
bindir='${exec_prefix}/bin'
build='x86_64-unknown-linux-gnu'
build_alias=''
build_cpu='x86_64'
build_os='linux-gnu'
build_vendor='unknown'
datadir='${datarootdir}'
datarootdir='${prefix}/share'
docdir='${datarootdir}/doc/${PACKAGE_TARNAME}'
dvidir='${docdir}'
exec_prefix='${prefix}'
host='x86_64-unknown-linux-gnu'
host_alias=''
host_cpu='x86_64'
host_os='linux-gnu'
host_vendor='unknown'
htmldir='${docdir}'
includedir='${prefix}/include'
infodir='${datarootdir}/info'
install_sh='${SHELL} /home/bruno/Projects/ion-open-source/install-sh'
libdir='${exec_prefix}/lib'
libexecdir='${exec_prefix}/libexec'
localedir='${datarootdir}/locale'
localstatedir='${prefix}/var'
mandir='${datarootdir}/man'
mkdir_p='$(MKDIR_P)'
oldincludedir='/usr/include'
pdfdir='${docdir}'
prefix='/usr/local'
program_transform_name='s,x,x,'
psdir='${docdir}'
sbindir='${exec_prefix}/sbin'
sharedstatedir='${prefix}/com'
sysconfdir='${prefix}/etc'
target_alias=''

## ----------- ##
## confdefs.h. ##
## ----------- ##

/* confdefs.h */
#define PACKAGE_NAME "ion"
#define PACKAGE_TARNAME "ion"
#define PACKAGE_VERSION "open source 3.3.0"
#define PACKAGE_STRING "ion open source 3.3.0"
#define PACKAGE_BUGREPORT "http://korgano.eecs.ohiou.edu/mailman/listinfo/ion-bugs"
#define PACKAGE_URL ""
#define PACKAGE "ion"
#define VERSION "open source 3.3.0"
#define STDC_HEADERS 1
#define HAVE_SYS_TYPES_H 1
#define HAVE_SYS_STAT_H 1
#define HAVE_STDLIB_H 1
#define HAVE_STRING_H 1
#define HAVE_MEMORY_H 1
#define HAVE_STRINGS_H 1
#define HAVE_INTTYPES_H 1
#define HAVE_STDINT_H 1
#define HAVE_UNISTD_H 1
#define HAVE_DLFCN_H 1
#define LT_OBJDIR ".libs/"
#define linux 1
#define build_dccp 1
#define HAVE_DIRENT_H 1
#define STDC_HEADERS 1
#define HAVE_SYS_WAIT_H 1
#define HAVE_FCNTL_H 1
#define HAVE_MALLOC_H 1
#define HAVE_NETDB_H 1
#define HAVE_NETINET_IN_H 1
#define HAVE_STDDEF_H 1
#define HAVE_STDLIB_H 1
#define HAVE_STRING_H 1
#define HAVE_SYS_IOCTL_H 1
#define HAVE_SYS_PARAM_H 1
#define HAVE_SYS_SOCKET_H 1
#define HAVE_SYS_TIME_H 1
#define HAVE_UNISTD_H 1
#define TIME_WITH_SYS_TIME 1
#define HAVE_FORK 1
#define HAVE_VFORK 1
#define HAVE_WORKING_VFORK 1
#define HAVE_WORKING_FORK 1
#define RETSIGTYPE void
#define HAVE_ALARM 1
#define HAVE_FTRUNCATE 1
#define HAVE_GETCWD 1
#define HAVE_GETHOSTBYADDR 1
#define HAVE_GETHOSTBYNAME 1
#define HAVE_GETHOSTNAME 1
#define HAVE_GETTIMEOFDAY 1
#define HAVE_MEMSET 1
#define HAVE_MKDIR 1
#define HAVE_MKFIFO 1
#define HAVE_RMDIR 1
#define HAVE_SELECT 1
#define HAVE_SOCKET 1
#define HAVE_STRCASECMP 1
#define HAVE_STRCHR 1
#define HAVE_STRERROR 1
#define HAVE_STRNCASECMP 1
#define HAVE_STRSTR 1
#define HAVE_STRTOUL 1
#define HAVE_UNAME 1

configure: exit 0
